running egg_info
creating ../../build/image_collector/image_collector.egg-info
writing ../../build/image_collector/image_collector.egg-info/PKG-INFO
writing dependency_links to ../../build/image_collector/image_collector.egg-info/dependency_links.txt
writing entry points to ../../build/image_collector/image_collector.egg-info/entry_points.txt
writing requirements to ../../build/image_collector/image_collector.egg-info/requires.txt
writing top-level names to ../../build/image_collector/image_collector.egg-info/top_level.txt
writing manifest file '../../build/image_collector/image_collector.egg-info/SOURCES.txt'
reading manifest file '../../build/image_collector/image_collector.egg-info/SOURCES.txt'
adding license file 'LICENSE'
writing manifest file '../../build/image_collector/image_collector.egg-info/SOURCES.txt'
running build
running build_py
creating /robot_ws/build/image_collector/build
creating /robot_ws/build/image_collector/build/lib
creating /robot_ws/build/image_collector/build/lib/image_collector
copying image_collector/__init__.py -> /robot_ws/build/image_collector/build/lib/image_collector
copying image_collector/my_node.py -> /robot_ws/build/image_collector/build/lib/image_collector
running install
/usr/local/lib/python3.8/dist-packages/setuptools/_distutils/cmd.py:66: SetuptoolsDeprecationWarning: setup.py install is deprecated.
!!

        ********************************************************************************
        Please avoid running ``setup.py`` directly.
        Instead, use pypa/build, pypa/installer or other
        standards-based tools.

        See https://blog.ganssle.io/articles/2021/10/setup-py-deprecated.html for details.
        ********************************************************************************

!!
  self.initialize_options()
running install_lib
creating /robot_ws/install/image_collector/lib/python3.8/site-packages/image_collector
copying /robot_ws/build/image_collector/build/lib/image_collector/__init__.py -> /robot_ws/install/image_collector/lib/python3.8/site-packages/image_collector
copying /robot_ws/build/image_collector/build/lib/image_collector/my_node.py -> /robot_ws/install/image_collector/lib/python3.8/site-packages/image_collector
byte-compiling /robot_ws/install/image_collector/lib/python3.8/site-packages/image_collector/__init__.py to __init__.cpython-38.pyc
byte-compiling /robot_ws/install/image_collector/lib/python3.8/site-packages/image_collector/my_node.py to my_node.cpython-38.pyc
running install_data
creating /robot_ws/install/image_collector/share/ament_index
creating /robot_ws/install/image_collector/share/ament_index/resource_index
creating /robot_ws/install/image_collector/share/ament_index/resource_index/packages
copying resource/image_collector -> /robot_ws/install/image_collector/share/ament_index/resource_index/packages
copying package.xml -> /robot_ws/install/image_collector/share/image_collector
running install_egg_info
Copying ../../build/image_collector/image_collector.egg-info to /robot_ws/install/image_collector/lib/python3.8/site-packages/image_collector-0.0.0-py3.8.egg-info
running install_scripts
Installing my_node script to /robot_ws/install/image_collector/lib/image_collector
writing list of installed files to '/robot_ws/build/image_collector/install.log'
