[1.681s] Invoking command in '/robot_ws/src/image_collector': PYTHONPATH=/robot_ws/build/image_collector/prefix_override:/robot_ws/install/image_collector/lib/python3.8/site-packages:${PYTHONPATH} /usr/bin/python3 setup.py egg_info --egg-base ../../build/image_collector build --build-base /robot_ws/build/image_collector/build install --record /robot_ws/build/image_collector/install.log --single-version-externally-managed
[2.138s] running egg_info
[2.139s] creating ../../build/image_collector/image_collector.egg-info
[2.171s] writing ../../build/image_collector/image_collector.egg-info/PKG-INFO
[2.171s] writing dependency_links to ../../build/image_collector/image_collector.egg-info/dependency_links.txt
[2.172s] writing entry points to ../../build/image_collector/image_collector.egg-info/entry_points.txt
[2.172s] writing requirements to ../../build/image_collector/image_collector.egg-info/requires.txt
[2.172s] writing top-level names to ../../build/image_collector/image_collector.egg-info/top_level.txt
[2.173s] writing manifest file '../../build/image_collector/image_collector.egg-info/SOURCES.txt'
[2.238s] reading manifest file '../../build/image_collector/image_collector.egg-info/SOURCES.txt'
[2.238s] adding license file 'LICENSE'
[2.239s] writing manifest file '../../build/image_collector/image_collector.egg-info/SOURCES.txt'
[2.239s] running build
[2.239s] running build_py
[2.240s] creating /robot_ws/build/image_collector/build
[2.240s] creating /robot_ws/build/image_collector/build/lib
[2.240s] creating /robot_ws/build/image_collector/build/lib/image_collector
[2.240s] copying image_collector/__init__.py -> /robot_ws/build/image_collector/build/lib/image_collector
[2.240s] copying image_collector/my_node.py -> /robot_ws/build/image_collector/build/lib/image_collector
[2.241s] running install
[2.241s] /usr/local/lib/python3.8/dist-packages/setuptools/_distutils/cmd.py:66: SetuptoolsDeprecationWarning: setup.py install is deprecated.
[2.242s] !!
[2.242s] 
[2.242s]         ********************************************************************************
[2.242s]         Please avoid running ``setup.py`` directly.
[2.242s]         Instead, use pypa/build, pypa/installer or other
[2.242s]         standards-based tools.
[2.242s] 
[2.243s]         See https://blog.ganssle.io/articles/2021/10/setup-py-deprecated.html for details.
[2.243s]         ********************************************************************************
[2.243s] 
[2.243s] !!
[2.243s]   self.initialize_options()
[2.251s] running install_lib
[2.283s] creating /robot_ws/install/image_collector/lib/python3.8/site-packages/image_collector
[2.284s] copying /robot_ws/build/image_collector/build/lib/image_collector/__init__.py -> /robot_ws/install/image_collector/lib/python3.8/site-packages/image_collector
[2.284s] copying /robot_ws/build/image_collector/build/lib/image_collector/my_node.py -> /robot_ws/install/image_collector/lib/python3.8/site-packages/image_collector
[2.285s] byte-compiling /robot_ws/install/image_collector/lib/python3.8/site-packages/image_collector/__init__.py to __init__.cpython-38.pyc
[2.285s] byte-compiling /robot_ws/install/image_collector/lib/python3.8/site-packages/image_collector/my_node.py to my_node.cpython-38.pyc
[2.286s] running install_data
[2.318s] creating /robot_ws/install/image_collector/share/ament_index
[2.318s] creating /robot_ws/install/image_collector/share/ament_index/resource_index
[2.318s] creating /robot_ws/install/image_collector/share/ament_index/resource_index/packages
[2.318s] copying resource/image_collector -> /robot_ws/install/image_collector/share/ament_index/resource_index/packages
[2.318s] copying package.xml -> /robot_ws/install/image_collector/share/image_collector
[2.318s] running install_egg_info
[2.352s] Copying ../../build/image_collector/image_collector.egg-info to /robot_ws/install/image_collector/lib/python3.8/site-packages/image_collector-0.0.0-py3.8.egg-info
[2.354s] running install_scripts
[2.677s] Installing my_node script to /robot_ws/install/image_collector/lib/image_collector
[2.678s] writing list of installed files to '/robot_ws/build/image_collector/install.log'
[2.755s] Invoked command in '/robot_ws/src/image_collector' returned '0': PYTHONPATH=/robot_ws/build/image_collector/prefix_override:/robot_ws/install/image_collector/lib/python3.8/site-packages:${PYTHONPATH} /usr/bin/python3 setup.py egg_info --egg-base ../../build/image_collector build --build-base /robot_ws/build/image_collector/build install --record /robot_ws/build/image_collector/install.log --single-version-externally-managed
